13:19:20.634 [restartedMain] INFO  c.h.ApiGestionePrenotazioniApplication - Starting ApiGestionePrenotazioniApplication using Java 17.0.7 with PID 4955 (/Users/hanseladjei/eclipse-workspace/SecurityAPIGestionePrenotazioni/target/classes started by hanseladjei in /Users/hanseladjei/eclipse-workspace/SecurityAPIGestionePrenotazioni)
13:19:20.640 [restartedMain] INFO  c.h.ApiGestionePrenotazioniApplication - No active profile set, falling back to 1 default profile: "default"
13:19:20.697 [restartedMain] INFO  o.s.b.d.e.DevToolsPropertyDefaultsPostProcessor - Devtools property defaults active! Set 'spring.devtools.add-properties' to 'false' to disable
13:19:20.698 [restartedMain] INFO  o.s.b.d.e.DevToolsPropertyDefaultsPostProcessor - For additional web related logging consider setting the 'logging.level.web' property to 'DEBUG'
13:19:21.409 [restartedMain] INFO  o.s.d.r.c.RepositoryConfigurationDelegate - Bootstrapping Spring Data JPA repositories in DEFAULT mode.
13:19:21.477 [restartedMain] INFO  o.s.d.r.c.RepositoryConfigurationDelegate - Finished Spring Data repository scanning in 63 ms. Found 9 JPA repository interfaces.
13:19:22.197 [restartedMain] INFO  o.s.b.w.e.tomcat.TomcatWebServer - Tomcat initialized with port(s): 8080 (http)
13:19:22.205 [restartedMain] INFO  o.a.catalina.core.StandardService - Starting service [Tomcat]
13:19:22.205 [restartedMain] INFO  o.a.catalina.core.StandardEngine - Starting Servlet engine: [Apache Tomcat/10.1.8]
13:19:22.251 [restartedMain] INFO  o.a.c.c.C.[Tomcat].[localhost].[/] - Initializing Spring embedded WebApplicationContext
13:19:22.252 [restartedMain] INFO  o.s.b.w.s.c.ServletWebServerApplicationContext - Root WebApplicationContext: initialization completed in 1554 ms
13:19:22.378 [restartedMain] INFO  o.h.jpa.internal.util.LogHelper - HHH000204: Processing PersistenceUnitInfo [name: default]
13:19:22.411 [restartedMain] INFO  org.hibernate.Version - HHH000412: Hibernate ORM core version 6.2.2.Final
13:19:22.413 [restartedMain] INFO  org.hibernate.cfg.Environment - HHH000406: Using bytecode reflection optimizer
13:19:22.479 [restartedMain] INFO  o.h.b.i.BytecodeProviderInitiator - HHH000021: Bytecode provider name : bytebuddy
13:19:22.548 [restartedMain] INFO  o.s.o.j.p.SpringPersistenceUnitInfo - No LoadTimeWeaver setup: ignoring JPA class transformer
13:19:22.562 [restartedMain] INFO  com.zaxxer.hikari.HikariDataSource - HikariPool-1 - Starting...
13:19:22.715 [restartedMain] INFO  com.zaxxer.hikari.pool.HikariPool - HikariPool-1 - Added connection org.postgresql.jdbc.PgConnection@1bd28aec
13:19:22.717 [restartedMain] INFO  com.zaxxer.hikari.HikariDataSource - HikariPool-1 - Start completed.
13:19:22.760 [restartedMain] INFO  org.hibernate.orm.dialect - HHH035001: Using dialect: org.hibernate.dialect.PostgreSQLDialect, version: org.hibernate.engine.jdbc.env.internal.JdbcEnvironmentInitiator$DialectResolutionInfoImpl@27d17227
13:19:22.906 [restartedMain] INFO  o.h.b.i.BytecodeProviderInitiator - HHH000021: Bytecode provider name : bytebuddy
13:19:23.475 [restartedMain] INFO  o.h.e.t.j.p.i.JtaPlatformInitiator - HHH000490: Using JtaPlatform implementation: [org.hibernate.engine.transaction.jta.platform.internal.NoJtaPlatform]
13:19:23.611 [restartedMain] INFO  o.s.o.j.LocalContainerEntityManagerFactoryBean - Initialized JPA EntityManagerFactory for persistence unit 'default'
13:19:23.800 [restartedMain] INFO  o.s.d.j.r.query.QueryEnhancerFactory - Hibernate is in classpath; If applicable, HQL parser will be used.
13:19:24.456 [restartedMain] WARN  o.s.b.a.o.j.JpaBaseConfiguration$JpaWebConfiguration - spring.jpa.open-in-view is enabled by default. Therefore, database queries may be performed during view rendering. Explicitly configure spring.jpa.open-in-view to disable this warning
13:19:24.738 [restartedMain] INFO  o.s.s.web.DefaultSecurityFilterChain - Will secure any request with [org.springframework.security.web.session.DisableEncodeUrlFilter@156151bc, org.springframework.security.web.context.request.async.WebAsyncManagerIntegrationFilter@1b6e5f7b, org.springframework.security.web.context.SecurityContextHolderFilter@61aa6d48, org.springframework.security.web.header.HeaderWriterFilter@55b56218, org.springframework.web.filter.CorsFilter@13c6be89, org.springframework.security.web.authentication.logout.LogoutFilter@6cdd8c29, com.hans.security.JwtAuthenticationFilter@33904b2, org.springframework.security.web.savedrequest.RequestCacheAwareFilter@7c231c36, org.springframework.security.web.servletapi.SecurityContextHolderAwareRequestFilter@6104c934, org.springframework.security.web.authentication.AnonymousAuthenticationFilter@4dacda08, org.springframework.security.web.session.SessionManagementFilter@7afc7577, org.springframework.security.web.access.ExceptionTranslationFilter@11f9952a, org.springframework.security.web.access.intercept.AuthorizationFilter@5b6aad76]
13:19:24.969 [restartedMain] INFO  o.s.b.d.a.OptionalLiveReloadServer - LiveReload server is running on port 35729
13:19:25.002 [restartedMain] INFO  o.s.b.w.e.tomcat.TomcatWebServer - Tomcat started on port(s): 8080 (http) with context path ''
13:19:25.014 [restartedMain] INFO  c.h.ApiGestionePrenotazioniApplication - Started ApiGestionePrenotazioniApplication in 4.828 seconds (process running for 5.647)
13:20:39.243 [http-nio-8080-exec-2] INFO  o.a.c.c.C.[Tomcat].[localhost].[/] - Initializing Spring DispatcherServlet 'dispatcherServlet'
13:20:39.244 [http-nio-8080-exec-2] INFO  o.s.web.servlet.DispatcherServlet - Initializing Servlet 'dispatcherServlet'
13:20:39.247 [http-nio-8080-exec-2] INFO  o.s.web.servlet.DispatcherServlet - Completed initialization in 3 ms
13:22:51.276 [http-nio-8080-exec-5] WARN  o.s.w.s.m.m.a.ExceptionHandlerExceptionResolver - Resolved [java.lang.IllegalArgumentException: rawPassword cannot be null]
13:23:11.071 [http-nio-8080-exec-8] WARN  o.h.e.jdbc.spi.SqlExceptionHelper - SQL Error: 0, SQLState: 23502
13:23:11.072 [http-nio-8080-exec-8] ERROR o.h.e.jdbc.spi.SqlExceptionHelper - ERROR: null value in column "nome" of relation "utenti" violates not-null constraint
  Dettaglio: Failing row contains (3, hans.neri@icloud.com, null, $2a$10$J.I2btjnU/.hxYXq7hHYYusFeWot5Y0P3IyraTH/dE281ehpj0fFW, hans.nerii).
13:23:11.079 [http-nio-8080-exec-8] WARN  o.s.w.s.m.m.a.ExceptionHandlerExceptionResolver - Resolved [org.springframework.dao.DataIntegrityViolationException: could not execute statement [ERROR: null value in column "nome" of relation "utenti" violates not-null constraint<EOL>  Dettaglio: Failing row contains (3, hans.neri@icloud.com, null, $2a$10$J.I2btjnU/.hxYXq7hHYYusFeWot5Y0P3IyraTH/dE281ehpj0fFW, hans.nerii).] [insert into utenti (email,nome,password,username) values (?,?,?,?)]; SQL [insert into utenti (email,nome,password,username) values (?,?,?,?)]; constraint [nome" of relation "utenti]]
13:23:51.170 [http-nio-8080-exec-10] WARN  o.s.w.s.m.m.a.ExceptionHandlerExceptionResolver - Resolved [com.hans.exception.MyAPIException: Username is already exists!.]
13:28:31.932 [File Watcher] INFO  o.s.b.d.a.LocalDevToolsAutoConfiguration$RestartingClassPathChangeChangedEventListener - Restarting due to 1 class path change (0 additions, 0 deletions, 1 modification)
13:28:31.968 [Thread-5] INFO  o.a.catalina.core.StandardService - Stopping service [Tomcat]
13:28:31.970 [Thread-5] INFO  o.a.c.c.C.[Tomcat].[localhost].[/] - Destroying Spring FrameworkServlet 'dispatcherServlet'
13:28:31.990 [Thread-5] WARN  o.a.c.loader.WebappClassLoaderBase - The web application [ROOT] appears to have started a thread named [HikariPool-1 housekeeper] but has failed to stop it. This is very likely to create a memory leak. Stack trace of thread:
 java.base@17.0.7/jdk.internal.misc.Unsafe.park(Native Method)
 java.base@17.0.7/java.util.concurrent.locks.LockSupport.parkNanos(LockSupport.java:252)
 java.base@17.0.7/java.util.concurrent.locks.AbstractQueuedSynchronizer$ConditionObject.awaitNanos(AbstractQueuedSynchronizer.java:1672)
 java.base@17.0.7/java.util.concurrent.ScheduledThreadPoolExecutor$DelayedWorkQueue.take(ScheduledThreadPoolExecutor.java:1182)
 java.base@17.0.7/java.util.concurrent.ScheduledThreadPoolExecutor$DelayedWorkQueue.take(ScheduledThreadPoolExecutor.java:899)
 java.base@17.0.7/java.util.concurrent.ThreadPoolExecutor.getTask(ThreadPoolExecutor.java:1062)
 java.base@17.0.7/java.util.concurrent.ThreadPoolExecutor.runWorker(ThreadPoolExecutor.java:1122)
 java.base@17.0.7/java.util.concurrent.ThreadPoolExecutor$Worker.run(ThreadPoolExecutor.java:635)
 java.base@17.0.7/java.lang.Thread.run(Thread.java:833)
13:28:32.022 [Thread-5] INFO  o.s.o.j.LocalContainerEntityManagerFactoryBean - Closing JPA EntityManagerFactory for persistence unit 'default'
13:28:32.028 [Thread-5] INFO  com.zaxxer.hikari.HikariDataSource - HikariPool-1 - Shutdown initiated...
13:28:32.038 [Thread-5] INFO  com.zaxxer.hikari.HikariDataSource - HikariPool-1 - Shutdown completed.
13:28:32.412 [restartedMain] INFO  c.h.ApiGestionePrenotazioniApplication - Starting ApiGestionePrenotazioniApplication using Java 17.0.7 with PID 4955 (/Users/hanseladjei/eclipse-workspace/SecurityAPIGestionePrenotazioni/target/classes started by hanseladjei in /Users/hanseladjei/eclipse-workspace/SecurityAPIGestionePrenotazioni)
13:28:32.414 [restartedMain] INFO  c.h.ApiGestionePrenotazioniApplication - No active profile set, falling back to 1 default profile: "default"
13:28:33.088 [restartedMain] INFO  o.s.d.r.c.RepositoryConfigurationDelegate - Bootstrapping Spring Data JPA repositories in DEFAULT mode.
13:28:33.151 [restartedMain] INFO  o.s.d.r.c.RepositoryConfigurationDelegate - Finished Spring Data repository scanning in 63 ms. Found 9 JPA repository interfaces.
13:28:33.609 [restartedMain] INFO  o.s.b.w.e.tomcat.TomcatWebServer - Tomcat initialized with port(s): 8080 (http)
13:28:33.611 [restartedMain] INFO  o.a.catalina.core.StandardService - Starting service [Tomcat]
13:28:33.611 [restartedMain] INFO  o.a.catalina.core.StandardEngine - Starting Servlet engine: [Apache Tomcat/10.1.8]
13:28:33.652 [restartedMain] INFO  o.a.c.c.C.[Tomcat].[localhost].[/] - Initializing Spring embedded WebApplicationContext
13:28:33.653 [restartedMain] INFO  o.s.b.w.s.c.ServletWebServerApplicationContext - Root WebApplicationContext: initialization completed in 1225 ms
13:28:33.894 [restartedMain] INFO  o.h.jpa.internal.util.LogHelper - HHH000204: Processing PersistenceUnitInfo [name: default]
13:28:33.918 [restartedMain] INFO  o.h.b.i.BytecodeProviderInitiator - HHH000021: Bytecode provider name : bytebuddy
13:28:33.919 [restartedMain] INFO  o.s.o.j.p.SpringPersistenceUnitInfo - No LoadTimeWeaver setup: ignoring JPA class transformer
13:28:33.921 [restartedMain] INFO  com.zaxxer.hikari.HikariDataSource - HikariPool-2 - Starting...
13:28:33.998 [restartedMain] INFO  com.zaxxer.hikari.pool.HikariPool - HikariPool-2 - Added connection org.postgresql.jdbc.PgConnection@3b1da018
13:28:34.001 [restartedMain] INFO  com.zaxxer.hikari.HikariDataSource - HikariPool-2 - Start completed.
13:28:34.020 [restartedMain] INFO  org.hibernate.orm.dialect - HHH035001: Using dialect: org.hibernate.dialect.PostgreSQLDialect, version: org.hibernate.engine.jdbc.env.internal.JdbcEnvironmentInitiator$DialectResolutionInfoImpl@5996dc11
13:28:34.078 [restartedMain] INFO  o.h.b.i.BytecodeProviderInitiator - HHH000021: Bytecode provider name : bytebuddy
13:28:34.477 [restartedMain] INFO  o.h.e.t.j.p.i.JtaPlatformInitiator - HHH000490: Using JtaPlatform implementation: [org.hibernate.engine.transaction.jta.platform.internal.NoJtaPlatform]
13:28:34.685 [restartedMain] INFO  o.s.o.j.LocalContainerEntityManagerFactoryBean - Initialized JPA EntityManagerFactory for persistence unit 'default'
13:28:35.124 [restartedMain] WARN  o.s.b.a.o.j.JpaBaseConfiguration$JpaWebConfiguration - spring.jpa.open-in-view is enabled by default. Therefore, database queries may be performed during view rendering. Explicitly configure spring.jpa.open-in-view to disable this warning
13:28:35.271 [restartedMain] INFO  o.s.s.web.DefaultSecurityFilterChain - Will secure any request with [org.springframework.security.web.session.DisableEncodeUrlFilter@6633674, org.springframework.security.web.context.request.async.WebAsyncManagerIntegrationFilter@67a70395, org.springframework.security.web.context.SecurityContextHolderFilter@536928ca, org.springframework.security.web.header.HeaderWriterFilter@43b6c270, org.springframework.web.filter.CorsFilter@1a8dd1da, org.springframework.security.web.authentication.logout.LogoutFilter@16a72652, com.hans.security.JwtAuthenticationFilter@1e0ad411, org.springframework.security.web.savedrequest.RequestCacheAwareFilter@7840b54e, org.springframework.security.web.servletapi.SecurityContextHolderAwareRequestFilter@d904d74, org.springframework.security.web.authentication.AnonymousAuthenticationFilter@19d50ee9, org.springframework.security.web.session.SessionManagementFilter@3369f003, org.springframework.security.web.access.ExceptionTranslationFilter@442df5fc, org.springframework.security.web.access.intercept.AuthorizationFilter@620bf75]
13:28:35.409 [restartedMain] INFO  o.s.b.d.a.OptionalLiveReloadServer - LiveReload server is running on port 35729
13:28:35.458 [restartedMain] INFO  o.s.b.w.e.tomcat.TomcatWebServer - Tomcat started on port(s): 8080 (http) with context path ''
13:28:35.468 [restartedMain] INFO  c.h.ApiGestionePrenotazioniApplication - Started ApiGestionePrenotazioniApplication in 3.205 seconds (process running for 556.106)
13:28:35.842 [restartedMain] INFO  o.s.b.d.a.ConditionEvaluationDeltaLoggingListener - Condition evaluation unchanged
